#-----------------------------------------------------------
# Vivado v2018.3 (64-bit)
# SW Build 2405991 on Thu Dec  6 23:38:27 MST 2018
# IP Build 2404404 on Fri Dec  7 01:43:56 MST 2018
# Start of session at: Sun Mar 19 19:43:22 2023
# Process ID: 1688
# Current directory: C:/Users/THINKPAD/Documents/GitHub/ARM-y_Hard-Coding-Competion/Arm-y_Hard_Coding_Competition
# Command line: vivado.exe -gui_launcher_event rodinguilauncherevent17396 C:\Users\THINKPAD\Documents\GitHub\ARM-y_Hard-Coding-Competion\Arm-y_Hard_Coding_Competition\Arm-y_Hard_Coding_Competition.xpr
# Log file: C:/Users/THINKPAD/Documents/GitHub/ARM-y_Hard-Coding-Competion/Arm-y_Hard_Coding_Competition/vivado.log
# Journal file: C:/Users/THINKPAD/Documents/GitHub/ARM-y_Hard-Coding-Competion/Arm-y_Hard_Coding_Competition\vivado.jou
#-----------------------------------------------------------
start_gui
open_project C:/Users/THINKPAD/Documents/GitHub/ARM-y_Hard-Coding-Competion/Arm-y_Hard_Coding_Competition/Arm-y_Hard_Coding_Competition.xpr
INFO: [ProjectBase 1-489] The host OS only allows 260 characters in a normal path. The project is stored in a path with more than 80 characters. If you experience issues with IP, Block Designs, or files not being found, please consider moving the project to a location with a shorter path. Alternately consider using the OS subst command to map part of the path to a drive letter.
Current project path is 'C:/Users/THINKPAD/Documents/GitHub/ARM-y_Hard-Coding-Competion/Arm-y_Hard_Coding_Competition'
INFO: [Project 1-313] Project file moved from 'C:/Users/Kojo/Documents/GitHub/ARM-y_Hard-Coding-Competion/Arm-y_Hard_Coding_Competition' since last save.
Scanning sources...
Finished scanning sources
WARNING: [filemgmt 56-2] IPUserFilesDir: Could not find the directory 'C:/Users/THINKPAD/Documents/GitHub/ARM-y_Hard-Coding-Competion/Arm-y_Hard_Coding_Competition/Arm-y_Hard_Coding_Competition.ip_user_files', nor could it be found using path 'C:/Users/Kojo/Documents/GitHub/ARM-y_Hard-Coding-Competion/Arm-y_Hard_Coding_Competition/Arm-y_Hard_Coding_Competition.ip_user_files'.
INFO: [IP_Flow 19-234] Refreshing IP repositories
INFO: [IP_Flow 19-1704] No user IP repositories specified
INFO: [IP_Flow 19-2313] Loaded Vivado IP repository 'C:/Xilinx/Vivado/2018.3/data/ip'.
open_project: Time (s): cpu = 00:00:18 ; elapsed = 00:00:10 . Memory (MB): peak = 694.234 ; gain = 117.863
update_compile_order -fileset sources_1
close [ open C:/Users/THINKPAD/Documents/GitHub/ARM-y_Hard-Coding-Competion/Arm-y_Hard_Coding_Competition/Arm-y_Hard_Coding_Competition.srcs/sources_1/new/Full_Adder.vhd w ]
add_files C:/Users/THINKPAD/Documents/GitHub/ARM-y_Hard-Coding-Competion/Arm-y_Hard_Coding_Competition/Arm-y_Hard_Coding_Competition.srcs/sources_1/new/Full_Adder.vhd
update_compile_order -fileset sources_1
close [ open C:/Users/THINKPAD/Documents/GitHub/ARM-y_Hard-Coding-Competion/Arm-y_Hard_Coding_Competition/Arm-y_Hard_Coding_Competition.srcs/sources_1/new/4_Bit_Ripple_Adder.vhd w ]
add_files C:/Users/THINKPAD/Documents/GitHub/ARM-y_Hard-Coding-Competion/Arm-y_Hard_Coding_Competition/Arm-y_Hard_Coding_Competition.srcs/sources_1/new/4_Bit_Ripple_Adder.vhd
update_compile_order -fileset sources_1
export_ip_user_files -of_objects  [get_files C:/Users/THINKPAD/Documents/GitHub/ARM-y_Hard-Coding-Competion/Arm-y_Hard_Coding_Competition/Arm-y_Hard_Coding_Competition.srcs/sources_1/new/4_Bit_Ripple_Adder.vhd] -no_script -reset -force -quiet
remove_files  C:/Users/THINKPAD/Documents/GitHub/ARM-y_Hard-Coding-Competion/Arm-y_Hard_Coding_Competition/Arm-y_Hard_Coding_Competition.srcs/sources_1/new/4_Bit_Ripple_Adder.vhd
file delete -force C:/Users/THINKPAD/Documents/GitHub/ARM-y_Hard-Coding-Competion/Arm-y_Hard_Coding_Competition/Arm-y_Hard_Coding_Competition.srcs/sources_1/new/4_Bit_Ripple_Adder.vhd
